This is pdfTeX, Version 3.14159265-2.6-1.40.19 (TeX Live 2018) (preloaded format=pdflatex 2018.4.16)  9 JAN 2024 09:07
entering extended mode
 restricted \write18 enabled.
 file:line:error style messages enabled.
 %&-line parsing enabled.
**notes-all.tex
(./notes-all.tex
LaTeX2e <2018-04-01> patch level 2
Babel <3.18> and hyphenation patterns for 84 language(s) loaded.
(/usr/local/texlive/2018/texmf-dist/tex/latex/base/article.cls
Document Class: article 2014/09/29 v1.4h Standard LaTeX document class
(/usr/local/texlive/2018/texmf-dist/tex/latex/base/size10.clo
File: size10.clo 2014/09/29 v1.4h Standard LaTeX file (size option)
)
\c@part=\count80
\c@section=\count81
\c@subsection=\count82
\c@subsubsection=\count83
\c@paragraph=\count84
\c@subparagraph=\count85
\c@figure=\count86
\c@table=\count87
\abovecaptionskip=\skip41
\belowcaptionskip=\skip42
\bibindent=\dimen102
)
(./style-notes.sty
(/usr/local/texlive/2018/texmf-dist/tex/latex/geometry/geometry.sty
Package: geometry 2018/03/24 v5.7 Page Geometry

(/usr/local/texlive/2018/texmf-dist/tex/latex/graphics/keyval.sty
Package: keyval 2014/10/28 v1.15 key=value parser (DPC)
\KV@toks@=\toks14
)
(/usr/local/texlive/2018/texmf-dist/tex/generic/oberdiek/ifpdf.sty
Package: ifpdf 2017/03/15 v3.2 Provides the ifpdf switch
)
(/usr/local/texlive/2018/texmf-dist/tex/generic/oberdiek/ifvtex.sty
Package: ifvtex 2016/05/16 v1.6 Detect VTeX and its facilities (HO)
Package ifvtex Info: VTeX not detected.
)
(/usr/local/texlive/2018/texmf-dist/tex/generic/ifxetex/ifxetex.sty
Package: ifxetex 2010/09/12 v0.6 Provides ifxetex conditional
)
\Gm@cnth=\count88
\Gm@cntv=\count89
\c@Gm@tempcnt=\count90
\Gm@bindingoffset=\dimen103
\Gm@wd@mp=\dimen104
\Gm@odd@mp=\dimen105
\Gm@even@mp=\dimen106
\Gm@layoutwidth=\dimen107
\Gm@layoutheight=\dimen108
\Gm@layouthoffset=\dimen109
\Gm@layoutvoffset=\dimen110
\Gm@dimlist=\toks15
)
(/usr/local/texlive/2018/texmf-dist/tex/latex/fancyhdr/fancyhdr.sty
Package: fancyhdr 2017/06/30 v3.9a Extensive control of page headers and footer
s
\f@nch@headwidth=\skip43
\f@nch@O@elh=\skip44
\f@nch@O@erh=\skip45
\f@nch@O@olh=\skip46
\f@nch@O@orh=\skip47
\f@nch@O@elf=\skip48
\f@nch@O@erf=\skip49
\f@nch@O@olf=\skip50
\f@nch@O@orf=\skip51
)
(/usr/local/texlive/2018/texmf-dist/tex/latex/base/fontenc.sty
Package: fontenc 2017/04/05 v2.0i Standard LaTeX package

(/usr/local/texlive/2018/texmf-dist/tex/latex/base/t1enc.def
File: t1enc.def 2017/04/05 v2.0i Standard LaTeX file
LaTeX Font Info:    Redeclaring font encoding T1 on input line 48.
))
(/usr/local/texlive/2018/texmf-dist/tex/latex/lm/lmodern.sty
Package: lmodern 2009/10/30 v1.6 Latin Modern Fonts
LaTeX Font Info:    Overwriting symbol font `operators' in version `normal'
(Font)                  OT1/cmr/m/n --> OT1/lmr/m/n on input line 22.
LaTeX Font Info:    Overwriting symbol font `letters' in version `normal'
(Font)                  OML/cmm/m/it --> OML/lmm/m/it on input line 23.
LaTeX Font Info:    Overwriting symbol font `symbols' in version `normal'
(Font)                  OMS/cmsy/m/n --> OMS/lmsy/m/n on input line 24.
LaTeX Font Info:    Overwriting symbol font `largesymbols' in version `normal'
(Font)                  OMX/cmex/m/n --> OMX/lmex/m/n on input line 25.
LaTeX Font Info:    Overwriting symbol font `operators' in version `bold'
(Font)                  OT1/cmr/bx/n --> OT1/lmr/bx/n on input line 26.
LaTeX Font Info:    Overwriting symbol font `letters' in version `bold'
(Font)                  OML/cmm/b/it --> OML/lmm/b/it on input line 27.
LaTeX Font Info:    Overwriting symbol font `symbols' in version `bold'
(Font)                  OMS/cmsy/b/n --> OMS/lmsy/b/n on input line 28.
LaTeX Font Info:    Overwriting symbol font `largesymbols' in version `bold'
(Font)                  OMX/cmex/m/n --> OMX/lmex/m/n on input line 29.
LaTeX Font Info:    Overwriting math alphabet `\mathbf' in version `normal'
(Font)                  OT1/cmr/bx/n --> OT1/lmr/bx/n on input line 31.
LaTeX Font Info:    Overwriting math alphabet `\mathsf' in version `normal'
(Font)                  OT1/cmss/m/n --> OT1/lmss/m/n on input line 32.
LaTeX Font Info:    Overwriting math alphabet `\mathit' in version `normal'
(Font)                  OT1/cmr/m/it --> OT1/lmr/m/it on input line 33.
LaTeX Font Info:    Overwriting math alphabet `\mathtt' in version `normal'
(Font)                  OT1/cmtt/m/n --> OT1/lmtt/m/n on input line 34.
LaTeX Font Info:    Overwriting math alphabet `\mathbf' in version `bold'
(Font)                  OT1/cmr/bx/n --> OT1/lmr/bx/n on input line 35.
LaTeX Font Info:    Overwriting math alphabet `\mathsf' in version `bold'
(Font)                  OT1/cmss/bx/n --> OT1/lmss/bx/n on input line 36.
LaTeX Font Info:    Overwriting math alphabet `\mathit' in version `bold'
(Font)                  OT1/cmr/bx/it --> OT1/lmr/bx/it on input line 37.
LaTeX Font Info:    Overwriting math alphabet `\mathtt' in version `bold'
(Font)                  OT1/cmtt/m/n --> OT1/lmtt/m/n on input line 38.
)
(/usr/local/texlive/2018/texmf-dist/tex/latex/parskip/parskip.sty
Package: parskip 2001/04/09 non-zero parskip adjustments
)
(/usr/local/texlive/2018/texmf-dist/tex/latex/mathtools/mathtools.sty
Package: mathtools 2018/01/08 v1.21 mathematical typesetting tools

(/usr/local/texlive/2018/texmf-dist/tex/latex/tools/calc.sty
Package: calc 2017/05/25 v4.3 Infix arithmetic (KKT,FJ)
\calc@Acount=\count91
\calc@Bcount=\count92
\calc@Adimen=\dimen111
\calc@Bdimen=\dimen112
\calc@Askip=\skip52
\calc@Bskip=\skip53
LaTeX Info: Redefining \setlength on input line 80.
LaTeX Info: Redefining \addtolength on input line 81.
\calc@Ccount=\count93
\calc@Cskip=\skip54
)
(/usr/local/texlive/2018/texmf-dist/tex/latex/mathtools/mhsetup.sty
Package: mhsetup 2017/03/31 v1.3 programming setup (MH)
)
(/usr/local/texlive/2018/texmf-dist/tex/latex/amsmath/amsmath.sty
Package: amsmath 2017/09/02 v2.17a AMS math features
\@mathmargin=\skip55

For additional information on amsmath, use the `?' option.
(/usr/local/texlive/2018/texmf-dist/tex/latex/amsmath/amstext.sty
Package: amstext 2000/06/29 v2.01 AMS text

(/usr/local/texlive/2018/texmf-dist/tex/latex/amsmath/amsgen.sty
File: amsgen.sty 1999/11/30 v2.0 generic functions
\@emptytoks=\toks16
\ex@=\dimen113
))
(/usr/local/texlive/2018/texmf-dist/tex/latex/amsmath/amsbsy.sty
Package: amsbsy 1999/11/29 v1.2d Bold Symbols
\pmbraise@=\dimen114
)
(/usr/local/texlive/2018/texmf-dist/tex/latex/amsmath/amsopn.sty
Package: amsopn 2016/03/08 v2.02 operator names
)
\inf@bad=\count94
LaTeX Info: Redefining \frac on input line 213.
\uproot@=\count95
\leftroot@=\count96
LaTeX Info: Redefining \overline on input line 375.
\classnum@=\count97
\DOTSCASE@=\count98
LaTeX Info: Redefining \ldots on input line 472.
LaTeX Info: Redefining \dots on input line 475.
LaTeX Info: Redefining \cdots on input line 596.
\Mathstrutbox@=\box26
\strutbox@=\box27
\big@size=\dimen115
LaTeX Font Info:    Redeclaring font encoding OML on input line 712.
LaTeX Font Info:    Redeclaring font encoding OMS on input line 713.
\macc@depth=\count99
\c@MaxMatrixCols=\count100
\dotsspace@=\muskip10
\c@parentequation=\count101
\dspbrk@lvl=\count102
\tag@help=\toks17
\row@=\count103
\column@=\count104
\maxfields@=\count105
\andhelp@=\toks18
\eqnshift@=\dimen116
\alignsep@=\dimen117
\tagshift@=\dimen118
\tagwidth@=\dimen119
\totwidth@=\dimen120
\lineht@=\dimen121
\@envbody=\toks19
\multlinegap=\skip56
\multlinetaggap=\skip57
\mathdisplay@stack=\toks20
LaTeX Info: Redefining \[ on input line 2817.
LaTeX Info: Redefining \] on input line 2818.
)
LaTeX Info: Thecontrolsequence`\('isalreadyrobust on input line 129.
LaTeX Info: Thecontrolsequence`\)'isalreadyrobust on input line 129.
LaTeX Info: Thecontrolsequence`\['isalreadyrobust on input line 129.
LaTeX Info: Thecontrolsequence`\]'isalreadyrobust on input line 129.
\g_MT_multlinerow_int=\count106
\l_MT_multwidth_dim=\dimen122
\origjot=\skip58
\l_MT_shortvdotswithinadjustabove_dim=\dimen123
\l_MT_shortvdotswithinadjustbelow_dim=\dimen124
\l_MT_above_intertext_sep=\dimen125
\l_MT_below_intertext_sep=\dimen126
\l_MT_above_shortintertext_sep=\dimen127
\l_MT_below_shortintertext_sep=\dimen128
)
(/usr/local/texlive/2018/texmf-dist/tex/latex/amsfonts/amssymb.sty
Package: amssymb 2013/01/14 v3.01 AMS font symbols

(/usr/local/texlive/2018/texmf-dist/tex/latex/amsfonts/amsfonts.sty
Package: amsfonts 2013/01/14 v3.01 Basic AMSFonts support
\symAMSa=\mathgroup4
\symAMSb=\mathgroup5
LaTeX Font Info:    Overwriting math alphabet `\mathfrak' in version `bold'
(Font)                  U/euf/m/n --> U/euf/b/n on input line 106.
))
(/usr/local/texlive/2018/texmf-dist/tex/latex/graphics/color.sty
Package: color 2016/07/10 v1.1e Standard LaTeX Color (DPC)

(/usr/local/texlive/2018/texmf-dist/tex/latex/graphics-cfg/color.cfg
File: color.cfg 2016/01/02 v1.6 sample color configuration
)
Package color Info: Driver file: pdftex.def on input line 147.

(/usr/local/texlive/2018/texmf-dist/tex/latex/graphics-def/pdftex.def
File: pdftex.def 2018/01/08 v1.0l Graphics/color driver for pdftex
))
(/usr/local/texlive/2018/texmf-dist/tex/latex/soul/soul.sty
Package: soul 2003/11/17 v2.4 letterspacing/underlining (mf)
\SOUL@word=\toks21
\SOUL@lasttoken=\toks22
\SOUL@cmds=\toks23
\SOUL@buffer=\toks24
\SOUL@token=\toks25
\SOUL@spaceskip=\skip59
\SOUL@ttwidth=\dimen129
\SOUL@uldp=\dimen130
\SOUL@ulht=\dimen131
)
(/usr/local/texlive/2018/texmf-dist/tex/latex/graphics/graphicx.sty
Package: graphicx 2017/06/01 v1.1a Enhanced LaTeX Graphics (DPC,SPQR)

(/usr/local/texlive/2018/texmf-dist/tex/latex/graphics/graphics.sty
Package: graphics 2017/06/25 v1.2c Standard LaTeX Graphics (DPC,SPQR)

(/usr/local/texlive/2018/texmf-dist/tex/latex/graphics/trig.sty
Package: trig 2016/01/03 v1.10 sin cos tan (DPC)
)
(/usr/local/texlive/2018/texmf-dist/tex/latex/graphics-cfg/graphics.cfg
File: graphics.cfg 2016/06/04 v1.11 sample graphics configuration
)
Package graphics Info: Driver file: pdftex.def on input line 99.
)
\Gin@req@height=\dimen132
\Gin@req@width=\dimen133
)
(/usr/local/texlive/2018/texmf-dist/tex/latex/float/float.sty
Package: float 2001/11/08 v1.3d Float enhancements (AL)
\c@float@type=\count107
\float@exts=\toks26
\float@box=\box28
\@float@everytoks=\toks27
\@floatcapt=\box29
)
(/usr/local/texlive/2018/texmf-dist/tex/latex/booktabs/booktabs.sty
Package: booktabs 2016/04/27 v1.618033 publication quality tables
\heavyrulewidth=\dimen134
\lightrulewidth=\dimen135
\cmidrulewidth=\dimen136
\belowrulesep=\dimen137
\belowbottomsep=\dimen138
\aboverulesep=\dimen139
\abovetopsep=\dimen140
\cmidrulesep=\dimen141
\cmidrulekern=\dimen142
\defaultaddspace=\dimen143
\@cmidla=\count108
\@cmidlb=\count109
\@aboverulesep=\dimen144
\@belowrulesep=\dimen145
\@thisruleclass=\count110
\@lastruleclass=\count111
\@thisrulewidth=\dimen146
)
(/usr/local/texlive/2018/texmf-dist/tex/latex/tools/enumerate.sty
Package: enumerate 2015/07/23 v3.00 enumerate extensions (DPC)
\@enLab=\toks28
)
(/usr/local/texlive/2018/texmf-dist/tex/latex/diagbox/diagbox.sty
Package: diagbox 2016/12/28 v2.2 Making table heads with diagonal lines

(/usr/local/texlive/2018/texmf-dist/tex/latex/pict2e/pict2e.sty
Package: pict2e 2016/02/05 v0.3b Improved picture commands (HjG,RN,JT)

(/usr/local/texlive/2018/texmf-dist/tex/latex/pict2e/pict2e.cfg
File: pict2e.cfg 2016/02/05 v0.1u pict2e configuration for teTeX/TeXLive
)
Package pict2e Info: Driver file: pdftex.def on input line 119.
Package pict2e Info: Driver file for pict2e: p2e-pdftex.def on input line 121.

(/usr/local/texlive/2018/texmf-dist/tex/latex/pict2e/p2e-pdftex.def
File: p2e-pdftex.def 2016/02/05 v0.1u Driver-dependant file (RN,HjG,JT)
)
\pIIe@GRAPH=\toks29
\@arclen=\dimen147
\@arcrad=\dimen148
\@tempdimd=\dimen149
)
(/usr/local/texlive/2018/texmf-dist/tex/latex/fp/fp.sty
Package: fp 1995/04/02

`Fixed Point Package', Version 0.8, April 2, 1995 (C) Michael Mehlich
(/usr/local/texlive/2018/texmf-dist/tex/latex/fp/defpattern.sty
Package: defpattern 1994/10/12
\actioncount=\count112
)
(/usr/local/texlive/2018/texmf-dist/tex/latex/fp/fp-basic.sty
Package: fp-basic 1996/05/13
\FP@xs=\count113
\FP@xia=\count114
\FP@xib=\count115
\FP@xfa=\count116
\FP@xfb=\count117
\FP@rega=\count118
\FP@regb=\count119
\FP@regs=\count120
\FP@times=\count121
)
(/usr/local/texlive/2018/texmf-dist/tex/latex/fp/fp-addons.sty
Package: fp-addons 1995/03/15
)
(/usr/local/texlive/2018/texmf-dist/tex/latex/fp/fp-snap.sty
Package: fp-snap 1995/04/05
)
(/usr/local/texlive/2018/texmf-dist/tex/latex/fp/fp-exp.sty
Package: fp-exp 1995/04/03
)
(/usr/local/texlive/2018/texmf-dist/tex/latex/fp/fp-trigo.sty
Package: fp-trigo 1995/04/14
)
(/usr/local/texlive/2018/texmf-dist/tex/latex/fp/fp-pas.sty
Package: fp-pas 1994/08/29
)
(/usr/local/texlive/2018/texmf-dist/tex/latex/fp/fp-random.sty
Package: fp-random 1995/02/23
\FPseed=\count122
)
(/usr/local/texlive/2018/texmf-dist/tex/latex/fp/fp-eqn.sty
Package: fp-eqn 1995/04/03
)
(/usr/local/texlive/2018/texmf-dist/tex/latex/fp/fp-upn.sty
Package: fp-upn 1996/10/21
)
(/usr/local/texlive/2018/texmf-dist/tex/latex/fp/fp-eval.sty
Package: fp-eval 1995/04/03
))
(/usr/local/texlive/2018/texmf-dist/tex/latex/tools/array.sty
Package: array 2018/04/07 v2.4g Tabular extension package (FMi)
\col@sep=\dimen150
\ar@mcellbox=\box30
\extrarowheight=\dimen151
\NC@list=\toks30
\extratabsurround=\skip60
\backup@length=\skip61
\ar@cellbox=\box31
)
\diagbox@boxa=\box32
\diagbox@boxb=\box33
\diagbox@boxm=\box34
\diagbox@wd=\dimen152
\diagbox@ht=\dimen153
\diagbox@insepl=\dimen154
\diagbox@insepr=\dimen155
\diagbox@outsepl=\dimen156
\diagbox@outsepr=\dimen157
)
(/usr/local/texlive/2018/texmf-dist/tex/latex/minitoc/minitoc.sty
Package: minitoc 2015/07/13 v61 Package minitoc

(/usr/local/texlive/2018/texmf-dist/tex/latex/minitoc/mtcmess.sty
Package: mtcmess 2006/03/14
)
Package minitoc Info: I0001
(minitoc)             *** minitoc package, version 61 ***.
\tf@mtc=\write3
\mtcindent=\skip62
\mtcskipamount=\skip63
Package minitoc Info: I0005
(minitoc)             compatible with hyperref.
Package minitoc Info: I0023
(minitoc)             part level macros available.
Package minitoc Info: I0004
(minitoc)             chapter level macros NOT available.
Package minitoc Info: I0028
(minitoc)             section level macros available.
\mtc@toks=\toks31
\mtc@strutbox=\box35
\mtc@hstrutbox=\box36
Package minitoc Info: I0002
(minitoc)             Autoconfiguration of extensions.
\openout3 = `notes-all.mtc0'.

\openout3 = `notes-all.mtc'.


(./notes-all.mtc0)
Package minitoc Info: I0012
(minitoc)             Long extensions (Unix-like) will be used.
Package minitoc Info: I0031
(minitoc)             ==> this version is configured for UNIX-like 
(minitoc)                 (long extensions) file names.
\openout3 = `notes-all.mtc'.

\openout3 = `notes-all.mtc0'.

\c@ptc=\count123
\c@parttocdepth=\count124
\ptcindent=\skip64
\c@stc=\count125
\c@secttocdepth=\count126
\stcindent=\skip65
Package minitoc Info: I0010
(minitoc)             The english language is selected.
(minitoc)              on input line 4909.

(/usr/local/texlive/2018/texmf-dist/tex/latex/minitoc/english.mld
File: english.mld 2006/01/13
)
(/usr/local/texlive/2018/texmf-dist/tex/latex/minitoc/english.mld
File: english.mld 2006/01/13
)))
(/usr/local/texlive/2018/texmf-dist/tex/latex/pdfpages/pdfpages.sty
Package: pdfpages 2017/10/31 v0.5l Insert pages of external PDF documents (AM)

(/usr/local/texlive/2018/texmf-dist/tex/latex/base/ifthen.sty
Package: ifthen 2014/09/29 v1.1c Standard LaTeX ifthen package (DPC)
)
(/usr/local/texlive/2018/texmf-dist/tex/latex/eso-pic/eso-pic.sty
Package: eso-pic 2015/07/21 v2.0g eso-pic (RN)

(/usr/local/texlive/2018/texmf-dist/tex/generic/oberdiek/atbegshi.sty
Package: atbegshi 2016/06/09 v1.18 At begin shipout hook (HO)

(/usr/local/texlive/2018/texmf-dist/tex/generic/oberdiek/infwarerr.sty
Package: infwarerr 2016/05/16 v1.4 Providing info/warning/error messages (HO)
)
(/usr/local/texlive/2018/texmf-dist/tex/generic/oberdiek/ltxcmds.sty
Package: ltxcmds 2016/05/16 v1.23 LaTeX kernel commands for general use (HO)
)))
\AM@pagewidth=\dimen158
\AM@pageheight=\dimen159

(/usr/local/texlive/2018/texmf-dist/tex/latex/pdfpages/pppdftex.def
File: pppdftex.def 2017/10/31 v0.5l Pdfpages driver for pdfTeX (AM)
)
\AM@pagebox=\box37
\AM@global@opts=\toks32
\AM@toc@title=\toks33
\c@AM@survey=\count127
\AM@templatesizebox=\box38
)
(/usr/local/texlive/2018/texmf-dist/tex/latex/hyperref/hyperref.sty
Package: hyperref 2018/02/06 v6.86b Hypertext links for LaTeX

(/usr/local/texlive/2018/texmf-dist/tex/generic/oberdiek/hobsub-hyperref.sty
Package: hobsub-hyperref 2016/05/16 v1.14 Bundle oberdiek, subset hyperref (HO)


(/usr/local/texlive/2018/texmf-dist/tex/generic/oberdiek/hobsub-generic.sty
Package: hobsub-generic 2016/05/16 v1.14 Bundle oberdiek, subset generic (HO)
Package: hobsub 2016/05/16 v1.14 Construct package bundles (HO)
Package hobsub Info: Skipping package `infwarerr' (already loaded).
Package hobsub Info: Skipping package `ltxcmds' (already loaded).
Package: ifluatex 2016/05/16 v1.4 Provides the ifluatex switch (HO)
Package ifluatex Info: LuaTeX not detected.
Package hobsub Info: Skipping package `ifvtex' (already loaded).
Package: intcalc 2016/05/16 v1.2 Expandable calculations with integers (HO)
Package hobsub Info: Skipping package `ifpdf' (already loaded).
Package: etexcmds 2016/05/16 v1.6 Avoid name clashes with e-TeX commands (HO)
Package etexcmds Info: Could not find \expanded.
(etexcmds)             That can mean that you are not using pdfTeX 1.50 or
(etexcmds)             that some package has redefined \expanded.
(etexcmds)             In the latter case, load this package earlier.
Package: kvsetkeys 2016/05/16 v1.17 Key value parser (HO)
Package: kvdefinekeys 2016/05/16 v1.4 Define keys (HO)
Package: pdftexcmds 2018/01/30 v0.27 Utility functions of pdfTeX for LuaTeX (HO
)
Package pdftexcmds Info: LuaTeX not detected.
Package pdftexcmds Info: \pdf@primitive is available.
Package pdftexcmds Info: \pdf@ifprimitive is available.
Package pdftexcmds Info: \pdfdraftmode found.
Package: pdfescape 2016/05/16 v1.14 Implements pdfTeX's escape features (HO)
Package: bigintcalc 2016/05/16 v1.4 Expandable calculations on big integers (HO
)
Package: bitset 2016/05/16 v1.2 Handle bit-vector datatype (HO)
Package: uniquecounter 2016/05/16 v1.3 Provide unlimited unique counter (HO)
)
Package hobsub Info: Skipping package `hobsub' (already loaded).
Package: letltxmacro 2016/05/16 v1.5 Let assignment for LaTeX macros (HO)
Package: hopatch 2016/05/16 v1.3 Wrapper for package hooks (HO)
Package: xcolor-patch 2016/05/16 xcolor patch
Package: atveryend 2016/05/16 v1.9 Hooks at the very end of document (HO)
Package atveryend Info: \enddocument detected (standard20110627).
Package hobsub Info: Skipping package `atbegshi' (already loaded).
Package: refcount 2016/05/16 v3.5 Data extraction from label references (HO)
Package: hycolor 2016/05/16 v1.8 Color options for hyperref/bookmark (HO)
)
(/usr/local/texlive/2018/texmf-dist/tex/latex/oberdiek/auxhook.sty
Package: auxhook 2016/05/16 v1.4 Hooks for auxiliary files (HO)
)
(/usr/local/texlive/2018/texmf-dist/tex/latex/oberdiek/kvoptions.sty
Package: kvoptions 2016/05/16 v3.12 Key value format for package options (HO)
)
\@linkdim=\dimen160
\Hy@linkcounter=\count128
\Hy@pagecounter=\count129

(/usr/local/texlive/2018/texmf-dist/tex/latex/hyperref/pd1enc.def
File: pd1enc.def 2018/02/06 v6.86b Hyperref: PDFDocEncoding definition (HO)
Now handling font encoding PD1 ...
... no UTF-8 mapping file for font encoding PD1
)
\Hy@SavedSpaceFactor=\count130

(/usr/local/texlive/2018/texmf-dist/tex/latex/latexconfig/hyperref.cfg
File: hyperref.cfg 2002/06/06 v1.2 hyperref configuration of TeXLive
)
Package hyperref Info: Hyper figures OFF on input line 4509.
Package hyperref Info: Link nesting OFF on input line 4514.
Package hyperref Info: Hyper index ON on input line 4517.
Package hyperref Info: Plain pages OFF on input line 4524.
Package hyperref Info: Backreferencing OFF on input line 4529.
Package hyperref Info: Implicit mode ON; LaTeX internals redefined.
Package hyperref Info: Bookmarks ON on input line 4762.
\c@Hy@tempcnt=\count131

(/usr/local/texlive/2018/texmf-dist/tex/latex/url/url.sty
\Urlmuskip=\muskip11
Package: url 2013/09/16  ver 3.4  Verb mode for urls, etc.
)
LaTeX Info: Redefining \url on input line 5115.
\XeTeXLinkMargin=\dimen161
\Fld@menulength=\count132
\Field@Width=\dimen162
\Fld@charsize=\dimen163
Package hyperref Info: Hyper figures OFF on input line 6369.
Package hyperref Info: Link nesting OFF on input line 6374.
Package hyperref Info: Hyper index ON on input line 6377.
Package hyperref Info: backreferencing OFF on input line 6384.
Package hyperref Info: Link coloring OFF on input line 6389.
Package hyperref Info: Link coloring with OCG OFF on input line 6394.
Package hyperref Info: PDF/A mode OFF on input line 6399.
LaTeX Info: Redefining \ref on input line 6439.
LaTeX Info: Redefining \pageref on input line 6443.
\Hy@abspage=\count133
\c@Item=\count134
\c@Hfootnote=\count135
)
Package hyperref Info: Driver (autodetected): hpdftex.

(/usr/local/texlive/2018/texmf-dist/tex/latex/hyperref/hpdftex.def
File: hpdftex.def 2018/02/06 v6.86b Hyperref driver for pdfTeX
\Fld@listcount=\count136
\c@bookmark@seq@number=\count137

(/usr/local/texlive/2018/texmf-dist/tex/latex/oberdiek/rerunfilecheck.sty
Package: rerunfilecheck 2016/05/16 v1.8 Rerun checks for auxiliary files (HO)
Package uniquecounter Info: New unique counter `rerunfilecheck' on input line 2
82.
)
\Hy@SectionHShift=\skip66
)
(./notes-all.aux)
\openout1 = `notes-all.aux'.

LaTeX Font Info:    Checking defaults for OML/cmm/m/it on input line 13.
LaTeX Font Info:    ... okay on input line 13.
LaTeX Font Info:    Checking defaults for T1/cmr/m/n on input line 13.
LaTeX Font Info:    ... okay on input line 13.
LaTeX Font Info:    Checking defaults for OT1/cmr/m/n on input line 13.
LaTeX Font Info:    ... okay on input line 13.
LaTeX Font Info:    Checking defaults for OMS/cmsy/m/n on input line 13.
LaTeX Font Info:    ... okay on input line 13.
LaTeX Font Info:    Checking defaults for OMX/cmex/m/n on input line 13.
LaTeX Font Info:    ... okay on input line 13.
LaTeX Font Info:    Checking defaults for U/cmr/m/n on input line 13.
LaTeX Font Info:    ... okay on input line 13.
LaTeX Font Info:    Checking defaults for PD1/pdf/m/n on input line 13.
LaTeX Font Info:    ... okay on input line 13.
LaTeX Font Info:    Try loading font information for T1+lmr on input line 13.
 (/usr/local/texlive/2018/texmf-dist/tex/latex/lm/t1lmr.fd
File: t1lmr.fd 2009/10/30 v1.6 Font defs for Latin Modern
)
*geometry* driver: auto-detecting
*geometry* detected driver: pdftex
*geometry* verbose mode - [ preamble ] result:
* driver: pdftex
* paper: letterpaper
* layout: <same size as paper>
* layoutoffset:(h,v)=(0.0pt,0.0pt)
* modes: twoside 
* h-part:(L,W,R)=(108.405pt, 397.485pt, 108.405pt)
* v-part:(T,H,B)=(108.405pt, 578.15999pt, 108.405pt)
* \paperwidth=614.295pt
* \paperheight=794.96999pt
* \textwidth=397.485pt
* \textheight=578.15999pt
* \oddsidemargin=36.13501pt
* \evensidemargin=36.13501pt
* \topmargin=-0.86499pt
* \headheight=12.0pt
* \headsep=25.0pt
* \topskip=10.0pt
* \footskip=30.0pt
* \marginparwidth=65.0pt
* \marginparsep=11.0pt
* \columnsep=10.0pt
* \skip\footins=9.0pt plus 4.0pt minus 2.0pt
* \hoffset=0.0pt
* \voffset=0.0pt
* \mag=1000
* \@twocolumnfalse
* \@twosidetrue
* \@mparswitchtrue
* \@reversemarginfalse
* (1in=72.27pt=25.4mm, 1cm=28.453pt)

(/usr/local/texlive/2018/texmf-dist/tex/context/base/mkii/supp-pdf.mkii
[Loading MPS to PDF converter (version 2006.09.02).]
\scratchcounter=\count138
\scratchdimen=\dimen164
\scratchbox=\box39
\nofMPsegments=\count139
\nofMParguments=\count140
\everyMPshowfont=\toks34
\MPscratchCnt=\count141
\MPscratchDim=\dimen165
\MPnumerator=\count142
\makeMPintoPDFobject=\count143
\everyMPtoPDFconversion=\toks35
) (/usr/local/texlive/2018/texmf-dist/tex/latex/oberdiek/epstopdf-base.sty
Package: epstopdf-base 2016/05/15 v2.6 Base part for package epstopdf

(/usr/local/texlive/2018/texmf-dist/tex/latex/oberdiek/grfext.sty
Package: grfext 2016/05/16 v1.2 Manage graphics extensions (HO)
)
Package epstopdf-base Info: Redefining graphics rule for `.eps' on input line 4
38.
Package grfext Info: Graphics extension search list:
(grfext)             [.pdf,.png,.jpg,.mps,.jpeg,.jbig2,.jb2,.PDF,.PNG,.JPG,.JPE
G,.JBIG2,.JB2,.eps]
(grfext)             \AppendGraphicsExtensions on input line 456.

(/usr/local/texlive/2018/texmf-dist/tex/latex/latexconfig/epstopdf-sys.cfg
File: epstopdf-sys.cfg 2010/07/13 v1.3 Configuration of (r)epstopdf for TeX Liv
e
))
Package minitoc(hints) Info: I0049
(minitoc(hints))             ==> You requested the hints option. 
(minitoc(hints))             Some hints are eventually given below.


Package minitoc(hints) Warning: W0030
(minitoc(hints))                --- The \part command is altered 
(minitoc(hints))                after minitoc.


Package minitoc(hints) Warning: W0023
(minitoc(hints))                --- It may be the consequence 
(minitoc(hints))                of loading the ``hyperref'' package.


Package minitoc(hints) Warning: W0039
(minitoc(hints))                --- The \section command is altered 
(minitoc(hints))                after minitoc.


Package minitoc(hints) Warning: W0023
(minitoc(hints))                --- It may be the consequence 
(minitoc(hints))                of loading the ``hyperref'' package.

\AtBeginShipoutBox=\box40
(/usr/local/texlive/2018/texmf-dist/tex/latex/oberdiek/pdflscape.sty
Package: pdflscape 2016/05/14 v0.11 Display of landscape pages in PDF (HO)

(/usr/local/texlive/2018/texmf-dist/tex/latex/graphics/lscape.sty
Package: lscape 2000/10/22 v3.01 Landscape Pages (DPC)
)
Package pdflscape Info: Auto-detected driver: pdftex on input line 81.
)
Package hyperref Info: Link coloring OFF on input line 13.

(/usr/local/texlive/2018/texmf-dist/tex/latex/hyperref/nameref.sty
Package: nameref 2016/05/21 v2.44 Cross-referencing by name of section

(/usr/local/texlive/2018/texmf-dist/tex/generic/oberdiek/gettitlestring.sty
Package: gettitlestring 2016/05/16 v1.5 Cleanup title references (HO)
)
\c@section@level=\count144
)
LaTeX Info: Redefining \ref on input line 13.
LaTeX Info: Redefining \pageref on input line 13.
LaTeX Info: Redefining \nameref on input line 13.

(./notes-all.out) (./notes-all.out)
\@outlinefile=\write4
\openout4 = `notes-all.out'.

LaTeX Font Info:    Try loading font information for OT1+lmr on input line 16.

(/usr/local/texlive/2018/texmf-dist/tex/latex/lm/ot1lmr.fd
File: ot1lmr.fd 2009/10/30 v1.6 Font defs for Latin Modern
)
LaTeX Font Info:    Try loading font information for OML+lmm on input line 16.

(/usr/local/texlive/2018/texmf-dist/tex/latex/lm/omllmm.fd
File: omllmm.fd 2009/10/30 v1.6 Font defs for Latin Modern
)
LaTeX Font Info:    Try loading font information for OMS+lmsy on input line 16.


(/usr/local/texlive/2018/texmf-dist/tex/latex/lm/omslmsy.fd
File: omslmsy.fd 2009/10/30 v1.6 Font defs for Latin Modern
)
LaTeX Font Info:    Try loading font information for OMX+lmex on input line 16.


(/usr/local/texlive/2018/texmf-dist/tex/latex/lm/omxlmex.fd
File: omxlmex.fd 2009/10/30 v1.6 Font defs for Latin Modern
)
LaTeX Font Info:    External font `lmex10' loaded for size
(Font)              <12> on input line 16.
LaTeX Font Info:    External font `lmex10' loaded for size
(Font)              <8> on input line 16.
LaTeX Font Info:    External font `lmex10' loaded for size
(Font)              <6> on input line 16.
LaTeX Font Info:    Try loading font information for U+msa on input line 16.

(/usr/local/texlive/2018/texmf-dist/tex/latex/amsfonts/umsa.fd
File: umsa.fd 2013/01/14 v3.01 AMS symbols A
)
LaTeX Font Info:    Try loading font information for U+msb on input line 16.

(/usr/local/texlive/2018/texmf-dist/tex/latex/amsfonts/umsb.fd
File: umsb.fd 2013/01/14 v3.01 AMS symbols B
)
Package minitoc Info: I0026
(minitoc)             PREPARING SECTTOCS FROM notes-all.toc on input line 17.
Package minitoc Info: I0033
(minitoc)             Writing notes-all.stc1 on input line 17.
\openout3 = `notes-all.stc1'.


(./notes-all.toc
LaTeX Font Info:    External font `lmex10' loaded for size
(Font)              <10> on input line 2.
LaTeX Font Info:    External font `lmex10' loaded for size
(Font)              <7> on input line 2.
LaTeX Font Info:    External font `lmex10' loaded for size
(Font)              <5> on input line 2.
)
\tf@toc=\write5
\openout5 = `notes-all.toc'.

 [1

{/usr/local/texlive/2018/texmf-var/fonts/map/pdftex/updmap/pdftex.map}]
\openout3 = `notes-all.mtc'.

\openout3 = `notes-all.mtc'.

LaTeX Font Info:    External font `lmex10' loaded for size
(Font)              <9> on input line 25.

Overfull \hbox (30.0pt too wide) in paragraph at lines 25--25
[][][]  
 []

(./notes-all.stc1)
Overfull \hbox (30.0pt too wide) in paragraph at lines 25--25
[][]  
 []

<lecture-14.pdf, id=29, 614.295pt x 794.97pt>
File: lecture-14.pdf Graphic file (type pdf)
<use lecture-14.pdf>
Package pdftex.def Info: lecture-14.pdf  used on input line 28.
(pdftex.def)             Requested size: 614.29349pt x 794.96806pt.
File: lecture-14.pdf Graphic file (type pdf)
<use lecture-14.pdf>
Package pdftex.def Info: lecture-14.pdf  used on input line 28.
(pdftex.def)             Requested size: 614.29349pt x 794.96806pt.
<lecture-14.pdf, id=32, page=1, 614.295pt x 794.97pt>
File: lecture-14.pdf Graphic file (type pdf)
<use lecture-14.pdf, page 1>
Package pdftex.def Info: lecture-14.pdf , page1 used on input line 28.
(pdftex.def)             Requested size: 614.29349pt x 794.96806pt.
File: lecture-14.pdf Graphic file (type pdf)
<use lecture-14.pdf, page 1>
Package pdftex.def Info: lecture-14.pdf , page1 used on input line 28.
(pdftex.def)             Requested size: 614.58406pt x 795.3441pt.
[2]
File: lecture-14.pdf Graphic file (type pdf)
<use lecture-14.pdf, page 1>
Package pdftex.def Info: lecture-14.pdf , page1 used on input line 28.
(pdftex.def)             Requested size: 614.58406pt x 795.3441pt.
File: lecture-14.pdf Graphic file (type pdf)
<use lecture-14.pdf, page 1>
Package pdftex.def Info: lecture-14.pdf , page1 used on input line 28.
(pdftex.def)             Requested size: 614.58406pt x 795.3441pt.
File: lecture-14.pdf Graphic file (type pdf)
<use lecture-14.pdf, page 1>
Package pdftex.def Info: lecture-14.pdf , page1 used on input line 28.
(pdftex.def)             Requested size: 614.58406pt x 795.3441pt.
 [3 <./lecture-14.pdf>]
<lecture-14.pdf, id=78, page=2, 614.295pt x 794.97pt>
File: lecture-14.pdf Graphic file (type pdf)
<use lecture-14.pdf, page 2>
Package pdftex.def Info: lecture-14.pdf , page2 used on input line 28.
(pdftex.def)             Requested size: 614.58406pt x 795.3441pt.
File: lecture-14.pdf Graphic file (type pdf)
<use lecture-14.pdf, page 2>
Package pdftex.def Info: lecture-14.pdf , page2 used on input line 28.
(pdftex.def)             Requested size: 614.58406pt x 795.3441pt.
File: lecture-14.pdf Graphic file (type pdf)
<use lecture-14.pdf, page 2>
Package pdftex.def Info: lecture-14.pdf , page2 used on input line 28.
(pdftex.def)             Requested size: 614.58406pt x 795.3441pt.
 [4 <./lecture-14.pdf>]
<lecture-14.pdf, id=106, page=3, 614.295pt x 794.97pt>
File: lecture-14.pdf Graphic file (type pdf)
<use lecture-14.pdf, page 3>
Package pdftex.def Info: lecture-14.pdf , page3 used on input line 28.
(pdftex.def)             Requested size: 614.58406pt x 795.3441pt.
File: lecture-14.pdf Graphic file (type pdf)
<use lecture-14.pdf, page 3>
Package pdftex.def Info: lecture-14.pdf , page3 used on input line 28.
(pdftex.def)             Requested size: 614.58406pt x 795.3441pt.
File: lecture-14.pdf Graphic file (type pdf)
<use lecture-14.pdf, page 3>
Package pdftex.def Info: lecture-14.pdf , page3 used on input line 28.
(pdftex.def)             Requested size: 614.58406pt x 795.3441pt.
 [5 <./lecture-14.pdf>]
<lecture-14.pdf, id=124, page=4, 614.295pt x 794.97pt>
File: lecture-14.pdf Graphic file (type pdf)
<use lecture-14.pdf, page 4>
Package pdftex.def Info: lecture-14.pdf , page4 used on input line 28.
(pdftex.def)             Requested size: 614.58406pt x 795.3441pt.
File: lecture-14.pdf Graphic file (type pdf)
<use lecture-14.pdf, page 4>
Package pdftex.def Info: lecture-14.pdf , page4 used on input line 28.
(pdftex.def)             Requested size: 614.58406pt x 795.3441pt.
File: lecture-14.pdf Graphic file (type pdf)
<use lecture-14.pdf, page 4>
Package pdftex.def Info: lecture-14.pdf , page4 used on input line 28.
(pdftex.def)             Requested size: 614.58406pt x 795.3441pt.

[6 <./lecture-14.pdf>]
<lecture-14.pdf, id=129, page=5, 614.295pt x 794.97pt>
File: lecture-14.pdf Graphic file (type pdf)
<use lecture-14.pdf, page 5>
Package pdftex.def Info: lecture-14.pdf , page5 used on input line 28.
(pdftex.def)             Requested size: 614.58406pt x 795.3441pt.
File: lecture-14.pdf Graphic file (type pdf)
<use lecture-14.pdf, page 5>
Package pdftex.def Info: lecture-14.pdf , page5 used on input line 28.
(pdftex.def)             Requested size: 614.58406pt x 795.3441pt.
File: lecture-14.pdf Graphic file (type pdf)
<use lecture-14.pdf, page 5>
Package pdftex.def Info: lecture-14.pdf , page5 used on input line 28.
(pdftex.def)             Requested size: 614.58406pt x 795.3441pt.
 [7 <./lecture-14.pdf>]
<lecture-14.pdf, id=140, page=6, 614.295pt x 794.97pt>
File: lecture-14.pdf Graphic file (type pdf)
<use lecture-14.pdf, page 6>
Package pdftex.def Info: lecture-14.pdf , page6 used on input line 28.
(pdftex.def)             Requested size: 614.58406pt x 795.3441pt.
File: lecture-14.pdf Graphic file (type pdf)
<use lecture-14.pdf, page 6>
Package pdftex.def Info: lecture-14.pdf , page6 used on input line 28.
(pdftex.def)             Requested size: 614.58406pt x 795.3441pt.
File: lecture-14.pdf Graphic file (type pdf)
<use lecture-14.pdf, page 6>
Package pdftex.def Info: lecture-14.pdf , page6 used on input line 28.
(pdftex.def)             Requested size: 614.58406pt x 795.3441pt.
 [8 <./lecture-14.pdf>]
<lecture-14.pdf, id=145, page=7, 614.295pt x 794.97pt>
File: lecture-14.pdf Graphic file (type pdf)
<use lecture-14.pdf, page 7>
Package pdftex.def Info: lecture-14.pdf , page7 used on input line 28.
(pdftex.def)             Requested size: 614.58406pt x 795.3441pt.
File: lecture-14.pdf Graphic file (type pdf)
<use lecture-14.pdf, page 7>
Package pdftex.def Info: lecture-14.pdf , page7 used on input line 28.
(pdftex.def)             Requested size: 614.58406pt x 795.3441pt.
File: lecture-14.pdf Graphic file (type pdf)
<use lecture-14.pdf, page 7>
Package pdftex.def Info: lecture-14.pdf , page7 used on input line 28.
(pdftex.def)             Requested size: 614.58406pt x 795.3441pt.
 [9 <./lecture-14.pdf>]
<lecture-14.pdf, id=150, page=8, 614.295pt x 794.97pt>
File: lecture-14.pdf Graphic file (type pdf)
<use lecture-14.pdf, page 8>
Package pdftex.def Info: lecture-14.pdf , page8 used on input line 28.
(pdftex.def)             Requested size: 614.58406pt x 795.3441pt.
File: lecture-14.pdf Graphic file (type pdf)
<use lecture-14.pdf, page 8>
Package pdftex.def Info: lecture-14.pdf , page8 used on input line 28.
(pdftex.def)             Requested size: 614.58406pt x 795.3441pt.
File: lecture-14.pdf Graphic file (type pdf)
<use lecture-14.pdf, page 8>
Package pdftex.def Info: lecture-14.pdf , page8 used on input line 28.
(pdftex.def)             Requested size: 614.58406pt x 795.3441pt.
 [10 <./lecture-14.pdf>]
<lecture-14.pdf, id=155, page=9, 614.295pt x 794.97pt>
File: lecture-14.pdf Graphic file (type pdf)
<use lecture-14.pdf, page 9>
Package pdftex.def Info: lecture-14.pdf , page9 used on input line 28.
(pdftex.def)             Requested size: 614.58406pt x 795.3441pt.
File: lecture-14.pdf Graphic file (type pdf)
<use lecture-14.pdf, page 9>
Package pdftex.def Info: lecture-14.pdf , page9 used on input line 28.
(pdftex.def)             Requested size: 614.58406pt x 795.3441pt.
File: lecture-14.pdf Graphic file (type pdf)
<use lecture-14.pdf, page 9>
Package pdftex.def Info: lecture-14.pdf , page9 used on input line 28.
(pdftex.def)             Requested size: 614.58406pt x 795.3441pt.
 [11 <./lecture-14.pdf>]
<lecture-14.pdf, id=160, page=10, 614.295pt x 794.97pt>
File: lecture-14.pdf Graphic file (type pdf)
<use lecture-14.pdf, page 10>
Package pdftex.def Info: lecture-14.pdf , page10 used on input line 28.
(pdftex.def)             Requested size: 614.58406pt x 795.3441pt.
File: lecture-14.pdf Graphic file (type pdf)
<use lecture-14.pdf, page 10>
Package pdftex.def Info: lecture-14.pdf , page10 used on input line 28.
(pdftex.def)             Requested size: 614.58406pt x 795.3441pt.
File: lecture-14.pdf Graphic file (type pdf)
<use lecture-14.pdf, page 10>
Package pdftex.def Info: lecture-14.pdf , page10 used on input line 28.
(pdftex.def)             Requested size: 614.58406pt x 795.3441pt.
 [12 <./lecture-14.pdf>]
<lecture-14.pdf, id=165, page=11, 614.295pt x 794.97pt>
File: lecture-14.pdf Graphic file (type pdf)
<use lecture-14.pdf, page 11>
Package pdftex.def Info: lecture-14.pdf , page11 used on input line 28.
(pdftex.def)             Requested size: 614.58406pt x 795.3441pt.
File: lecture-14.pdf Graphic file (type pdf)
<use lecture-14.pdf, page 11>
Package pdftex.def Info: lecture-14.pdf , page11 used on input line 28.
(pdftex.def)             Requested size: 614.58406pt x 795.3441pt.
File: lecture-14.pdf Graphic file (type pdf)
<use lecture-14.pdf, page 11>
Package pdftex.def Info: lecture-14.pdf , page11 used on input line 28.
(pdftex.def)             Requested size: 614.58406pt x 795.3441pt.
 [13 <./lecture-14.pdf>]
<lecture-14.pdf, id=172, page=12, 614.295pt x 794.97pt>
File: lecture-14.pdf Graphic file (type pdf)
<use lecture-14.pdf, page 12>
Package pdftex.def Info: lecture-14.pdf , page12 used on input line 28.
(pdftex.def)             Requested size: 614.58406pt x 795.3441pt.
File: lecture-14.pdf Graphic file (type pdf)
<use lecture-14.pdf, page 12>
Package pdftex.def Info: lecture-14.pdf , page12 used on input line 28.
(pdftex.def)             Requested size: 614.58406pt x 795.3441pt.
File: lecture-14.pdf Graphic file (type pdf)
<use lecture-14.pdf, page 12>
Package pdftex.def Info: lecture-14.pdf , page12 used on input line 28.
(pdftex.def)             Requested size: 614.58406pt x 795.3441pt.
 [14 <./lecture-14.pdf>]
<lecture-14.pdf, id=177, page=13, 614.295pt x 794.97pt>
File: lecture-14.pdf Graphic file (type pdf)
<use lecture-14.pdf, page 13>
Package pdftex.def Info: lecture-14.pdf , page13 used on input line 28.
(pdftex.def)             Requested size: 614.58406pt x 795.3441pt.
File: lecture-14.pdf Graphic file (type pdf)
<use lecture-14.pdf, page 13>
Package pdftex.def Info: lecture-14.pdf , page13 used on input line 28.
(pdftex.def)             Requested size: 614.58406pt x 795.3441pt.
File: lecture-14.pdf Graphic file (type pdf)
<use lecture-14.pdf, page 13>
Package pdftex.def Info: lecture-14.pdf , page13 used on input line 28.
(pdftex.def)             Requested size: 614.58406pt x 795.3441pt.
 [15 <./lecture-14.pdf>]
<lecture-14.pdf, id=187, page=14, 614.295pt x 794.97pt>
File: lecture-14.pdf Graphic file (type pdf)
<use lecture-14.pdf, page 14>
Package pdftex.def Info: lecture-14.pdf , page14 used on input line 28.
(pdftex.def)             Requested size: 614.58406pt x 795.3441pt.
File: lecture-14.pdf Graphic file (type pdf)
<use lecture-14.pdf, page 14>
Package pdftex.def Info: lecture-14.pdf , page14 used on input line 28.
(pdftex.def)             Requested size: 614.58406pt x 795.3441pt.
File: lecture-14.pdf Graphic file (type pdf)
<use lecture-14.pdf, page 14>
Package pdftex.def Info: lecture-14.pdf , page14 used on input line 28.
(pdftex.def)             Requested size: 614.58406pt x 795.3441pt.

[16 <./lecture-14.pdf>]
<lecture-14.pdf, id=192, page=15, 614.295pt x 794.97pt>
File: lecture-14.pdf Graphic file (type pdf)
<use lecture-14.pdf, page 15>
Package pdftex.def Info: lecture-14.pdf , page15 used on input line 28.
(pdftex.def)             Requested size: 614.58406pt x 795.3441pt.
File: lecture-14.pdf Graphic file (type pdf)
<use lecture-14.pdf, page 15>
Package pdftex.def Info: lecture-14.pdf , page15 used on input line 28.
(pdftex.def)             Requested size: 614.58406pt x 795.3441pt.
File: lecture-14.pdf Graphic file (type pdf)
<use lecture-14.pdf, page 15>
Package pdftex.def Info: lecture-14.pdf , page15 used on input line 28.
(pdftex.def)             Requested size: 614.58406pt x 795.3441pt.
 [17 <./lecture-14.pdf>]
<lecture-14.pdf, id=197, page=16, 614.295pt x 794.97pt>
File: lecture-14.pdf Graphic file (type pdf)
<use lecture-14.pdf, page 16>
Package pdftex.def Info: lecture-14.pdf , page16 used on input line 28.
(pdftex.def)             Requested size: 614.58406pt x 795.3441pt.
File: lecture-14.pdf Graphic file (type pdf)
<use lecture-14.pdf, page 16>
Package pdftex.def Info: lecture-14.pdf , page16 used on input line 28.
(pdftex.def)             Requested size: 614.58406pt x 795.3441pt.
File: lecture-14.pdf Graphic file (type pdf)
<use lecture-14.pdf, page 16>
Package pdftex.def Info: lecture-14.pdf , page16 used on input line 28.
(pdftex.def)             Requested size: 614.58406pt x 795.3441pt.
 [18 <./lecture-14.pdf>]
Package minitoc Info: I0009
(minitoc)             Listing minitoc auxiliary files. 
(minitoc)             Creating the notes-all.maf file.
\openout3 = `notes-all.maf'.

Package minitoc(hints) Info: I0053
(minitoc(hints))             You have loaded the float package; 
(minitoc(hints))             please be aware that the minitoc package 
(minitoc(hints))             facilities can not be used for new types 
(minitoc(hints))             of floats defined by the float package.


Package minitoc(hints) Warning: W0024
(minitoc(hints))                Some hints have been written 
(minitoc(hints))                in the notes-all.log file.

Package atveryend Info: Empty hook `BeforeClearDocument' on input line 115.
[19]
Package atveryend Info: Empty hook `AfterLastShipout' on input line 115.
 (./notes-all.aux)
Package atveryend Info: Executing hook `AtVeryEndDocument' on input line 115.
Package atveryend Info: Executing hook `AtEndAfterFileList' on input line 115.
Package rerunfilecheck Info: File `notes-all.out' has not changed.
(rerunfilecheck)             Checksum: 67CDB10B2D85DC13A265D1A7EBC7B9E2;127.
Package atveryend Info: Empty hook `AtVeryVeryEnd' on input line 115.
 ) 
Here is how much of TeX's memory you used:
 10950 strings out of 492649
 157056 string characters out of 6129622
 288624 words of memory out of 5000000
 14375 multiletter control sequences out of 15000+600000
 60008 words of font info for 61 fonts, out of 8000000 for 9000
 1141 hyphenation exceptions out of 8191
 41i,18n,46p,346b,457s stack positions out of 5000i,500n,10000p,200000b,80000s
{/usr/local/texlive/2018/texmf-dist/fonts/enc/dvips/lm/lm-ec.enc}</usr/local/
texlive/2018/texmf-dist/fonts/type1/public/lm/lmbx10.pfb></usr/local/texlive/20
18/texmf-dist/fonts/type1/public/lm/lmbx12.pfb></usr/local/texlive/2018/texmf-d
ist/fonts/type1/public/lm/lmbx9.pfb></usr/local/texlive/2018/texmf-dist/fonts/t
ype1/public/lm/lmex10.pfb></usr/local/texlive/2018/texmf-dist/fonts/type1/publi
c/lm/lmmi10.pfb></usr/local/texlive/2018/texmf-dist/fonts/type1/public/lm/lmmi5
.pfb></usr/local/texlive/2018/texmf-dist/fonts/type1/public/lm/lmmi7.pfb></usr/
local/texlive/2018/texmf-dist/fonts/type1/public/lm/lmr10.pfb></usr/local/texli
ve/2018/texmf-dist/fonts/type1/public/lm/lmr12.pfb></usr/local/texlive/2018/tex
mf-dist/fonts/type1/public/lm/lmr17.pfb></usr/local/texlive/2018/texmf-dist/fon
ts/type1/public/lm/lmr5.pfb></usr/local/texlive/2018/texmf-dist/fonts/type1/pub
lic/lm/lmr7.pfb></usr/local/texlive/2018/texmf-dist/fonts/type1/public/lm/lmr9.
pfb></usr/local/texlive/2018/texmf-dist/fonts/type1/public/lm/lmri10.pfb></usr/
local/texlive/2018/texmf-dist/fonts/type1/public/lm/lmsy10.pfb></usr/local/texl
ive/2018/texmf-dist/fonts/type1/public/lm/lmsy5.pfb></usr/local/texlive/2018/te
xmf-dist/fonts/type1/public/lm/lmsy7.pfb></usr/local/texlive/2018/texmf-dist/fo
nts/type1/public/amsfonts/symbols/msbm10.pfb>
Output written on notes-all.pdf (19 pages, 306984 bytes).
PDF statistics:
 245 PDF objects out of 1000 (max. 8388607)
 185 compressed objects within 2 object streams
 23 named destinations out of 1000 (max. 500000)
 112 words of extra memory for PDF output out of 10000 (max. 10000000)

